baseproject2/app/build/outputs/mapping/release/seeds.txt
com.gozdekahraman.currencyapp.middleware.ServiceRequest: retrofit2.Call getCurrencyList(java.lang.String,java.lang.String,java.lang.String)
com.gozdekahraman.currencyapp.model.response.BaseModel
com.gozdekahraman.currencyapp.model.response.Currency: java.lang.String getYuksek()
com.gozdekahraman.currencyapp.ui.exchange.ExchangeViewModel: ExchangeViewModel()
com.gozdekahraman.currencyapp.model.response.BaseModel: boolean isError()
com.gozdekahraman.currencyapp.model.response.Currency: java.lang.String kapanis
com.gozdekahraman.currencyapp.model.response.Currency: java.lang.String alis
com.gozdekahraman.currencyapp.App
com.gozdekahraman.currencyapp.ui.notifications.AlarmFragment_ViewBinding: AlarmFragment_ViewBinding(com.gozdekahraman.currencyapp.ui.notifications.AlarmFragment,android.view.View)
com.gozdekahraman.currencyapp.model.response.BaseModel: java.lang.String getErrorDescription()
com.gozdekahraman.currencyapp.model.response.ErrorModel: ErrorModel()
com.gozdekahraman.currencyapp.model.response.BaseModel: BaseModel(java.lang.Object)
com.gozdekahraman.currencyapp.ui.notifications.AlarmFragment_ViewBinding
com.gozdekahraman.currencyapp.model.response.Currency: java.lang.String getTarih()
com.gozdekahraman.currencyapp.model.response.Currency: Currency(java.lang.String,java.lang.String,java.lang.String,java.lang.String,java.lang.String,java.lang.String,java.lang.String)
com.gozdekahraman.currencyapp.ui.dashboard.DashboardFragment
com.gozdekahraman.currencyapp.App: App()
com.gozdekahraman.currencyapp.ui.notifications.NotificationsFragment_ViewBinding
com.gozdekahraman.currencyapp.ui.notifications.AlarmFragment: AlarmFragment()
com.gozdekahraman.currencyapp.MainActivity
com.gozdekahraman.currencyapp.model.response.BaseModel: boolean error
com.gozdekahraman.currencyapp.model.response.Currency: java.lang.String getCode()
com.gozdekahraman.currencyapp.model.response.Currency: java.lang.String getSatis()
com.gozdekahraman.currencyapp.ui.exchange.ExchangeViewModel
com.gozdekahraman.currencyapp.model.response.Currency: java.lang.String yuksek
com.gozdekahraman.currencyapp.model.response.Currency: java.lang.String getDusuk()
com.gozdekahraman.currencyapp.ui.home.HomeFragment
com.gozdekahraman.currencyapp.ui.dashboard.DashboardFragment_ViewBinding: DashboardFragment_ViewBinding(com.gozdekahraman.currencyapp.ui.dashboard.DashboardFragment,android.view.View)
com.gozdekahraman.currencyapp.ui.notifications.NewsFragment: NewsFragment()
com.gozdekahraman.currencyapp.ui.notifications.NotificationView: NotificationView()
com.gozdekahraman.currencyapp.middleware.ServiceRequest
com.gozdekahraman.currencyapp.model.response.ErrorModel: int getCode()
com.gozdekahraman.currencyapp.model.response.ErrorModel: void setMessage(java.lang.String)
com.gozdekahraman.currencyapp.ui.notifications.NewsFragment_ViewBinding
com.gozdekahraman.currencyapp.model.response.Currency: java.lang.String satis
com.gozdekahraman.currencyapp.model.response.Currency: java.lang.String dusuk
com.gozdekahraman.currencyapp.model.response.ErrorModel: int code
com.gozdekahraman.currencyapp.ui.dashboard.DashboardFragment_ViewBinding
com.gozdekahraman.currencyapp.MainActivity: MainActivity()
com.gozdekahraman.currencyapp.model.response.ErrorModel: java.lang.String message
com.gozdekahraman.currencyapp.model.response.Currency
com.gozdekahraman.currencyapp.model.response.ErrorModel: java.lang.String getMessage()
com.gozdekahraman.currencyapp.model.response.Currency: java.lang.String code
com.gozdekahraman.currencyapp.ui.notifications.NewsFragment_ViewBinding: NewsFragment_ViewBinding(com.gozdekahraman.currencyapp.ui.notifications.NewsFragment,android.view.View)
com.gozdekahraman.currencyapp.model.response.Currency: java.lang.String tarih
com.gozdekahraman.currencyapp.model.response.ErrorModel: ErrorModel(java.lang.String)
com.gozdekahraman.currencyapp.ui.notifications.NotificationsFragment
com.gozdekahraman.currencyapp.ui.notifications.AlarmFragment
...
android.support.v4.media.session.IMediaSession: boolean isTransportControlEnabled()
retrofit2.ParameterHandler$PartMap: java.lang.reflect.Method method
com.google.android.material.R$style: int TextAppearance_MaterialComponents_Headline1
com.google.android.material.internal.VisibilityAwareImageButton: int getUserSetVisibility()
com.google.android.material.datepicker.CalendarConstraints$DateValidator
androidx.appcompat.widget.ActionBarContainer
android.support.v4.media.session.MediaSessionCompat$Callback$StubApi21: void onSkipToNext()
com.google.android.material.R$style: int Widget_MaterialComponents_MaterialCalendar_Year_Selected
android.support.v4.media.session.MediaSessionCompat$MediaSessionImplApi21: MediaSessionCompat$MediaSessionImplApi21(java.lang.Object)
com.google.gson.internal.bind.TypeAdapters$15: void write(com.google.gson.stream.JsonWriter,java.lang.Character)
androidx.appcompat.R$styleable: int AppCompatTextHelper_android_drawableEnd
androidx.recyclerview.widget.RecyclerView: void initAutofill()
androidx.appcompat.R$id: int action_bar
androidx.appcompat.R$styleable: int AppCompatTheme_colorButtonNormal
com.google.android.material.chip.Chip: void setChipMinHeightResource(int)
com.google.gson.internal.bind.TypeAdapters: com.google.gson.TypeAdapterFactory TIMESTAMP_FACTORY
com.google.android.material.R$attr: int goIcon
android.support.v4.media.session.PlaybackStateCompat$Builder: android.support.v4.media.session.PlaybackStateCompat$Builder setErrorMessage(java.lang.CharSequence)
com.google.android.material.bottomnavigation.BottomNavigationView: int getItemTextAppearanceInactive()
androidx.navigation.R$id: int tag_accessibility_heading
androidx.constraintlayout.widget.Guideline: void setGuidelineBegin(int)
android.support.v4.media.session.MediaControllerCompat$MediaControllerImpl: android.support.v4.media.session.PlaybackStateCompat getPlaybackState()
com.google.android.material.bottomnavigation.BottomNavigationItemView: void setTextAppearanceInactive(int)
okhttp3.ResponseBody: byte[] bytes()
androidx.appcompat.widget.AppCompatTextView: void setTextMetricsParamsCompat(androidx.core.text.PrecomputedTextCompat$Params)
retrofit2.ParameterHandler$Query: void apply(retrofit2.RequestBuilder,java.lang.Object)
android.support.v4.media.session.MediaControllerCompatApi21$PlaybackInfo: MediaControllerCompatApi21$PlaybackInfo()
com.google.gson.internal.UnsafeAllocator$3: java.lang.reflect.Method val$newInstance
androidx.appcompat.widget.ViewStubCompat: void setVisibility(int)
androidx.navigation.fragment.R$id: int accessibility_custom_action_20
androidx.appcompat.R$style: int TextAppearance_Compat_Notification_Time
androidx.appcompat.widget.AppCompatAutoCompleteTextView: android.graphics.PorterDuff$Mode getSupportBackgroundTintMode()
com.google.gson.Gson: boolean DEFAULT_SERIALIZE_NULLS
com.google.android.material.bottomnavigation.BottomNavigationItemView: void setIcon(android.graphics.drawable.Drawable)
com.google.android.material.R$attr: int cardMaxElevation
android.support.v4.media.session.PlaybackStateCompat: android.os.Bundle mExtras
androidx.appcompat.R$style: int Base_Widget_AppCompat_ActionBar_TabView
androidx.appcompat.R$attr: int windowFixedWidthMinor
com.google.gson.stream.JsonReader: java.lang.String nextName()
androidx.recyclerview.widget.RecyclerView: void requestLayout()
android.support.v4.media.MediaBrowserCompatApi23$ItemCallbackProxy: void onError(java.lang.String)
androidx.navigation.ui.R$string: int fab_transformation_scrim_behavior
com.google.android.material.R$dimen: int mtrl_extended_fab_translation_z_base
androidx.appcompat.R$attr: int defaultQueryHint
androidx.coordinatorlayout.R$styleable: int GradientColor_android_centerY
android.support.v4.media.session.MediaSessionCompat$MediaSessionImplBase: boolean mIsRccRegistered
com.google.android.material.R$styleable: int[] CollapsingToolbarLayout
com.google.android.material.R$styleable: int FontFamilyFont_fontWeight