baseproject2/app/build/outputs/mapping/release/mapping.txt
# compiler: R8
# compiler_version: 2.0.74
# min_api: 21
# pg_map_id: e4f3009
# common_typos_disable
com.gozdekahraman.currencyapp.App -> com.gozdekahraman.currencyapp.App:
    java.lang.ref.WeakReference serviceQueue -> d
    com.gozdekahraman.currencyapp.App sInstance -> b
    com.gozdekahraman.currencyapp.middleware.ServiceRequest apiService -> c
    com.gozdekahraman.currencyapp.middleware.ServiceRequest getApiService() -> a
    com.gozdekahraman.currencyapp.App getInstance() -> b
    com.gozdekahraman.currencyapp.middleware.ServiceQueue getServiceQueue() -> c
com.gozdekahraman.currencyapp.constant.MobileConstants -> com.gozdekahraman.currencyapp.ha:
    java.lang.String KEY -> a
com.gozdekahraman.currencyapp.data.Alarm -> com.gozdekahraman.currencyapp.ia:
    java.lang.String name -> a
    java.lang.String value -> c
    java.lang.String currency -> b
    java.lang.String getCurrency() -> a
    java.lang.String getName() -> b
    java.lang.String getValue() -> c
com.gozdekahraman.currencyapp.middleware.ServiceCreator -> com.gozdekahraman.currencyapp.middleware.a:
    retrofit2.Retrofit retrofit -> a
    retrofit2.Retrofit getClient() -> a
    okhttp3.OkHttpClient getOkClient() -> b
com.gozdekahraman.currencyapp.middleware.ServiceCreator$1 -> com.gozdekahraman.currencyapp.middleware.a$a:
    okhttp3.Response intercept(okhttp3.Interceptor$Chain) -> a
com.gozdekahraman.currencyapp.middleware.ServiceManager -> com.gozdekahraman.currencyapp.middleware.b:
    java.lang.String key -> a
    java.lang.String value -> b
    boolean queueSuccess -> c
    void ServiceCall(retrofit2.Call,com.gozdekahraman.currencyapp.middleware.listener.ServiceCall) -> a
    boolean access$000(com.gozdekahraman.currencyapp.middleware.ServiceManager) -> b
    java.lang.String access$100(com.gozdekahraman.currencyapp.middleware.ServiceManager) -> c
    java.lang.String access$200(com.gozdekahraman.currencyapp.middleware.ServiceManager) -> d
com.gozdekahraman.currencyapp.middleware.ServiceManager$1 -> com.gozdekahraman.currencyapp.middleware.b$a:
    com.gozdekahraman.currencyapp.middleware.ServiceManager this$0 -> b
    com.gozdekahraman.currencyapp.middleware.listener.ServiceCall val$serviceCall -> a
com.gozdekahraman.currencyapp.middleware.ServiceQueue -> com.gozdekahraman.currencyapp.middleware.c:
    java.util.HashMap ACTIVE_SERVICE_LIST -> a
    void addService(java.lang.String,java.lang.String) -> a
    void removeService(java.lang.String,java.lang.String) -> b
com.gozdekahraman.currencyapp.middleware.listener.ServiceCall -> com.gozdekahraman.currencyapp.ja:
    void onFailure(boolean,com.gozdekahraman.currencyapp.model.response.ErrorModel) -> a
    void onResponse(boolean,java.lang.Object) -> b
    void start() -> c
com.gozdekahraman.currencyapp.middleware.service.MasterService -> com.gozdekahraman.currencyapp.ka:
    void getCurrencyList(com.gozdekahraman.currencyapp.middleware.listener.ServiceCall) -> a
    void getCurrencyListCall(com.gozdekahraman.currencyapp.middleware.listener.ServiceCall) -> b
com.gozdekahraman.currencyapp.middleware.service.MasterService$1 -> com.gozdekahraman.currencyapp.ka$a:
    com.gozdekahraman.currencyapp.middleware.listener.ServiceCall val$serviceCall -> a
    void onFailure(boolean,com.gozdekahraman.currencyapp.model.response.ErrorModel) -> a
    void onResponse(boolean,java.lang.Object) -> b
    void onResponse(boolean,com.gozdekahraman.currencyapp.model.response.BaseModel) -> d
com.gozdekahraman.currencyapp.ui.dashboard.CurrencyAdapter -> com.gozdekahraman.currencyapp.ui.dashboard.a:
    java.util.Map currencyMap -> c
    java.util.List currencyList -> d
    int getItemCount() -> c
    void onBindViewHolder(androidx.recyclerview.widget.RecyclerView$ViewHolder,int) -> k
    androidx.recyclerview.widget.RecyclerView$ViewHolder onCreateViewHolder(android.view.ViewGroup,int) -> m
    void onBindViewHolder(com.gozdekahraman.currencyapp.ui.dashboard.CurrencyAdapter$ViewHolder,int) -> v
    com.gozdekahraman.currencyapp.ui.dashboard.CurrencyAdapter$ViewHolder onCreateViewHolder(android.view.ViewGroup,int) -> w
...
androidx.appcompat.widget.ActivityChooserView$InnerLayout -> androidx.appcompat.widget.ActivityChooserView$InnerLayout:
    int[] TINT_ATTRS -> b
androidx.appcompat.widget.AlertDialogLayout -> androidx.appcompat.widget.AlertDialogLayout:
    void setChildFrame(android.view.View,int,int,int,int) -> A
    int resolveMinimumHeight(android.view.View) -> B
    boolean tryOnMeasure(int,int) -> C
    void forceUniformWidth(int,int) -> l
androidx.appcompat.widget.AppCompatAutoCompleteTextView -> androidx.appcompat.widget.c:
    int[] TINT_ATTRS -> d
    androidx.appcompat.widget.AppCompatBackgroundHelper mBackgroundTintHelper -> b
    androidx.appcompat.widget.AppCompatTextHelper mTextHelper -> c
androidx.appcompat.widget.AppCompatBackgroundHelper -> androidx.appcompat.widget.d:
    androidx.appcompat.widget.TintInfo mTmpInfo -> f
    androidx.appcompat.widget.TintInfo mInternalBackgroundTint -> d
    androidx.appcompat.widget.TintInfo mBackgroundTint -> e
    android.view.View mView -> a
    androidx.appcompat.widget.AppCompatDrawableManager mDrawableManager -> b
    int mBackgroundResId -> c
    boolean applyFrameworkTintUsingColorFilter(android.graphics.drawable.Drawable) -> a
    void applySupportBackgroundTint() -> b
    android.content.res.ColorStateList getSupportBackgroundTintList() -> c
    android.graphics.PorterDuff$Mode getSupportBackgroundTintMode() -> d
    void loadFromAttributes(android.util.AttributeSet,int) -> e
    void onSetBackgroundDrawable(android.graphics.drawable.Drawable) -> f
    void onSetBackgroundResource(int) -> g
    void setInternalBackgroundTint(android.content.res.ColorStateList) -> h
    void setSupportBackgroundTintList(android.content.res.ColorStateList) -> i
    void setSupportBackgroundTintMode(android.graphics.PorterDuff$Mode) -> j
    boolean shouldApplyFrameworkTintUsingColorFilter() -> k
androidx.appcompat.widget.AppCompatButton -> androidx.appcompat.widget.e:
    androidx.appcompat.widget.AppCompatBackgroundHelper mBackgroundTintHelper -> b
    androidx.appcompat.widget.AppCompatTextHelper mTextHelper -> c
androidx.appcompat.widget.AppCompatCheckBox -> androidx.appcompat.widget.f:
    androidx.appcompat.widget.AppCompatBackgroundHelper mBackgroundTintHelper -> c
    androidx.appcompat.widget.AppCompatTextHelper mTextHelper -> d
    androidx.appcompat.widget.AppCompatCompoundButtonHelper mCompoundButtonHelper -> b
androidx.appcompat.widget.AppCompatCheckedTextView -> androidx.appcompat.widget.g:
    int[] TINT_ATTRS -> c
    androidx.appcompat.widget.AppCompatTextHelper mTextHelper -> b
androidx.appcompat.widget.AppCompatCompoundButtonHelper -> androidx.appcompat.widget.h:
    android.content.res.ColorStateList mButtonTintList -> b
    boolean mHasButtonTintMode -> e
    boolean mSkipNextApply -> f
    android.widget.CompoundButton mView -> a
    android.graphics.PorterDuff$Mode mButtonTintMode -> c
    boolean mHasButtonTint -> d
    void applyButtonTint() -> a
    int getCompoundPaddingLeft(int) -> b
    android.content.res.ColorStateList getSupportButtonTintList() -> c
    android.graphics.PorterDuff$Mode getSupportButtonTintMode() -> d
    void loadFromAttributes(android.util.AttributeSet,int) -> e
    void onSetButtonDrawable() -> f
    void setSupportButtonTintList(android.content.res.ColorStateList) -> g
    void setSupportButtonTintMode(android.graphics.PorterDuff$Mode) -> h