baseproject2/app/build/outputs/mapping/release/usage.txt
com.gozdekahraman.currencyapp.R$drawable
com.gozdekahraman.currencyapp.middleware.listener.IServiceCall
com.gozdekahraman.currencyapp.constant.MobileConstants:
    public void <init>()
com.gozdekahraman.currencyapp.middleware.ServiceQueue:
    public java.util.HashMap getActiveServiceList()
    public void setActiveServiceList(java.util.HashMap)
    public java.util.ArrayList getList(java.lang.String)
    public boolean isSuccess()
com.gozdekahraman.currencyapp.R$layout
com.gozdekahraman.currencyapp.middleware.ServiceCreator:
    public void <init>()
com.gozdekahraman.currencyapp.util.TypefaceUtil$IsbasiTypeface
com.gozdekahraman.currencyapp.ui.notifications.NotificationsFragment_ViewBinding:
    public void unbind()
com.gozdekahraman.currencyapp.data.Alarm:
    public void setName(java.lang.String)
    public void setCurrency(java.lang.String)
    public void setValue(java.lang.String)
com.gozdekahraman.currencyapp.ui.notifications.AlarmFragment_ViewBinding:
    public void unbind()
com.gozdekahraman.currencyapp.R
com.gozdekahraman.currencyapp.R$attr
com.gozdekahraman.currencyapp.R$raw
com.gozdekahraman.currencyapp.R$anim
com.gozdekahraman.currencyapp.R$dimen
com.gozdekahraman.currencyapp.middleware.service.MasterService:
    public void <init>()
com.gozdekahraman.currencyapp.R$style
com.gozdekahraman.currencyapp.R$mipmap
com.gozdekahraman.currencyapp.ui.exchange.ExchangeFragment_ViewBinding:
    public void unbind()
com.gozdekahraman.currencyapp.R$color
com.gozdekahraman.currencyapp.R$string
com.gozdekahraman.currencyapp.constant.Constants
com.gozdekahraman.currencyapp.ui.listener.ClickListener
com.gozdekahraman.currencyapp.BuildConfig
com.gozdekahraman.currencyapp.R$interpolator
com.gozdekahraman.currencyapp.util.ErrorUtils:
    public void <init>()
com.gozdekahraman.currencyapp.ui.notifications.NotificationsViewModel:
    public androidx.lifecycle.LiveData getText()
com.gozdekahraman.currencyapp.R$styleable
com.gozdekahraman.currencyapp.ui.notifications.NewsFragment_ViewBinding:
    public void unbind()
com.gozdekahraman.currencyapp.R$plurals
com.gozdekahraman.currencyapp.util.DataUtil
com.gozdekahraman.currencyapp.R$id
com.gozdekahraman.currencyapp.util.TypefaceUtil
com.gozdekahraman.currencyapp.ui.dashboard.DashboardFragment_ViewBinding:
    public void unbind()
com.gozdekahraman.currencyapp.ui.home.HomeFragment_ViewBinding:
    public void unbind()
com.gozdekahraman.currencyapp.ui.home.HomeAdapter
com.gozdekahraman.currencyapp.R$navigation
com.gozdekahraman.currencyapp.R$bool
com.gozdekahraman.currencyapp.R$integer
com.gozdekahraman.currencyapp.ui.notifications.AlarmViewModel
com.gozdekahraman.currencyapp.ui.home.HomeAdapter$ViewHolder
com.gozdekahraman.currencyapp.R$animator
com.gozdekahraman.currencyapp.R$menu
com.gozdekahraman.currencyapp.ui.notifications.AlarmFragment:
    private java.util.Map alarmMap
com.gozdekahraman.currencyapp.ui.home.HomeViewModel
com.gozdekahraman.currencyapp.ui.dashboard.DashboardViewModel
com.gozdekahraman.currencyapp.middleware.listener.ServiceCall:
    public void onResponse(java.lang.Object)
    public void onFailure(com.gozdekahraman.currencyapp.model.response.ErrorModel)
com.gozdekahraman.currencyapp.R$xml
com.gozdekahraman.currencyapp.middleware.ServiceQueue:
    private android.content.Context mContext
com.gozdekahraman.currencyapp.ui.exchange.ExchangeFragment:
    private com.gozdekahraman.currencyapp.ui.exchange.ExchangeViewModel mViewModel
com.gozdekahraman.currencyapp.ui.notifications.AlarmAdapter$ViewHolder:
    public android.widget.Switch alarm_switch
    final synthetic com.gozdekahraman.currencyapp.ui.notifications.AlarmAdapter this$0
com.gozdekahraman.currencyapp.ui.notifications.NotificationsFragment_ViewBinding:
    private com.gozdekahraman.currencyapp.ui.notifications.NotificationsFragment target
com.gozdekahraman.currencyapp.ui.notifications.AlarmFragment$3:
    final synthetic com.gozdekahraman.currencyapp.ui.notifications.AlarmFragment this$0
...
androidx.appcompat.app.ActionBar$TabListener
kotlin.contracts.Returns
androidx.media.MediaBrowserServiceCompatApi26$ResultWrapper:
    public void detach()
com.google.android.material.snackbar.BaseTransientBottomBar$12
com.google.android.material.button.MaterialButtonToggleGroup$CheckedStateTracker
kotlin.jvm.JvmDefault
androidx.appcompat.widget.AbsActionBarView:
    void <init>(android.content.Context)
    public void animateToVisibility(int)
    public boolean showOverflowMenu()
    public void postShowOverflowMenu()
    public boolean hideOverflowMenu()
    public boolean isOverflowMenuShowing()
    public boolean isOverflowMenuShowPending()
    public boolean isOverflowReserved()
    public boolean canShowOverflowMenu()
    public void dismissPopupMenus()
    private static final int FADE_DURATION
androidx.drawerlayout.R$style
androidx.core.app.NotificationCompat$StreamType
com.google.android.material.R$drawable:
    private void <init>()
androidx.navigation.ActivityNavigator$Extras$Builder
androidx.core.view.LayoutInflaterCompat:
    private void <init>()
    public static void setFactory(android.view.LayoutInflater,androidx.core.view.LayoutInflaterFactory)
    public static androidx.core.view.LayoutInflaterFactory getFactory(android.view.LayoutInflater)
    private static final java.lang.String TAG
butterknife.ViewCollections:
    public static varargs void run(java.util.List,butterknife.Action[])
    public static varargs void run(android.view.View[],butterknife.Action[])
    public static void run(java.util.List,butterknife.Action)
    public static void run(android.view.View[],butterknife.Action)
    public static varargs void run(android.view.View,butterknife.Action[])
    public static void run(android.view.View,butterknife.Action)
    public static void set(java.util.List,butterknife.Setter,java.lang.Object)
    public static void set(android.view.View[],butterknife.Setter,java.lang.Object)
    public static void set(android.view.View,butterknife.Setter,java.lang.Object)
    public static void set(java.util.List,android.util.Property,java.lang.Object)
    public static void set(android.view.View[],android.util.Property,java.lang.Object)
    public static void set(android.view.View,android.util.Property,java.lang.Object)
androidx.appcompat.widget.ActivityChooserView$2
androidx.core.view.MotionEventCompat:
    public static int getActionMasked(android.view.MotionEvent)
    public static int getActionIndex(android.view.MotionEvent)
    public static int findPointerIndex(android.view.MotionEvent,int)
    public static int getPointerId(android.view.MotionEvent,int)
    public static float getX(android.view.MotionEvent,int)
    public static float getY(android.view.MotionEvent,int)
    public static int getPointerCount(android.view.MotionEvent)
    public static int getSource(android.view.MotionEvent)
    public static float getAxisValue(android.view.MotionEvent,int)
    public static float getAxisValue(android.view.MotionEvent,int,int)
    public static int getButtonState(android.view.MotionEvent)
    private void <init>()
    public static final int ACTION_MASK
    public static final int ACTION_POINTER_DOWN
    public static final int ACTION_POINTER_UP
    public static final int ACTION_HOVER_MOVE
    public static final int ACTION_SCROLL
    public static final int ACTION_POINTER_INDEX_MASK
    public static final int ACTION_POINTER_INDEX_SHIFT
    public static final int ACTION_HOVER_ENTER
    public static final int ACTION_HOVER_EXIT
    public static final int AXIS_X
    public static final int AXIS_Y
    public static final int AXIS_PRESSURE
    public static final int AXIS_SIZE
    public static final int AXIS_TOUCH_MAJOR
    public static final int AXIS_TOUCH_MINOR
    public static final int AXIS_TOOL_MAJOR
androidx.core.view.NestedScrollingChildHelper:
    public void onDetachedFromWindow()
    public void onStopNestedScroll(android.view.View)
androidx.vectordrawable.animated.R$id